2011-05-15 12:54:27 Warning: Warning (2): Invalid argument supplied for foreach() in [C:\Users\Azu\Documents\CDR\UniServer\www\cake_1_3\app\views\subscriptions\index.ctp, line 14]
2011-05-15 12:54:41 Warning: Warning (2): Invalid argument supplied for foreach() in [C:\Users\Azu\Documents\CDR\UniServer\www\cake_1_3\app\views\subscriptions\index.ctp, line 14]
2011-05-16 04:19:22 Warning: Warning (512): <span style="color:Red;text-align:left"><b>SQL Error:</b> 1054: Unknown column 'Application' in 'field list'</span> in [C:\Users\Azu\Documents\CDR\UniServer\www\cake_1_3\cake\libs\model\datasources\dbo_source.php, line 684]
2011-05-16 04:19:22 Warning: Warning (2): Invalid argument supplied for foreach() in [C:\Users\Azu\Documents\CDR\UniServer\www\cake_1_3\app\views\subscriptions\index.ctp, line 12]
2011-05-16 04:19:22 Warning: Warning (512): <span style="color:Red;text-align:left"><b>SQL Error:</b> 1054: Unknown column 'Application' in 'field list'</span> in [C:\Users\Azu\Documents\CDR\UniServer\www\cake_1_3\cake\libs\model\datasources\dbo_source.php, line 684]
2011-05-16 04:19:22 Warning: Warning (2): Invalid argument supplied for foreach() in [C:\Users\Azu\Documents\CDR\UniServer\www\cake_1_3\app\views\subscriptions\index.ctp, line 12]
2011-05-16 06:53:02 Warning: Warning (2): Invalid argument supplied for foreach() in [C:\Users\Azu\Documents\CDR\UniServer\www\cake_1_3\cake\libs\view\helpers\html.php, line 688]
2011-05-16 06:53:31 Warning: Warning (2): Invalid argument supplied for foreach() in [C:\Users\Azu\Documents\CDR\UniServer\www\cake_1_3\cake\libs\view\helpers\html.php, line 688]
2011-05-16 07:08:18 Warning: Warning (512): Method FormatHelper::column does not exist in [C:\Users\Azu\Documents\CDR\UniServer\www\cake_1_3\cake\libs\view\helper.php, line 154]
2011-05-16 08:00:54 Warning: Warning (2): Invalid argument supplied for foreach() in [C:\Users\Azu\Documents\CDR\UniServer\www\cake_1_3\app\views\applications\view.ctp, line 27]
2011-05-16 08:00:55 Warning: Warning (2): Invalid argument supplied for foreach() in [C:\Users\Azu\Documents\CDR\UniServer\www\cake_1_3\app\views\applications\view.ctp, line 27]
2011-05-16 08:01:11 Warning: Warning (2): Invalid argument supplied for foreach() in [C:\Users\Azu\Documents\CDR\UniServer\www\cake_1_3\app\views\applications\view.ctp, line 27]
2011-05-16 08:07:20 Warning: Warning (2): Invalid argument supplied for foreach() in [C:\Users\Azu\Documents\CDR\UniServer\www\cake_1_3\app\views\applications\view.ctp, line 10]
2011-05-16 08:07:20 Warning: Warning (2): Invalid argument supplied for foreach() in [C:\Users\Azu\Documents\CDR\UniServer\www\cake_1_3\app\views\applications\view.ctp, line 53]
2011-05-16 08:07:21 Warning: Warning (2): Invalid argument supplied for foreach() in [C:\Users\Azu\Documents\CDR\UniServer\www\cake_1_3\app\views\applications\view.ctp, line 67]
2011-05-16 08:07:22 Warning: Warning (2): Invalid argument supplied for foreach() in [C:\Users\Azu\Documents\CDR\UniServer\www\cake_1_3\app\views\applications\view.ctp, line 10]
2011-05-16 08:07:22 Warning: Warning (2): Invalid argument supplied for foreach() in [C:\Users\Azu\Documents\CDR\UniServer\www\cake_1_3\app\views\applications\view.ctp, line 53]
2011-05-16 08:07:22 Warning: Warning (2): Invalid argument supplied for foreach() in [C:\Users\Azu\Documents\CDR\UniServer\www\cake_1_3\app\views\applications\view.ctp, line 67]
2011-05-16 09:06:41 Warning: Warning (2): Invalid argument supplied for foreach() in [C:\Users\Azu\Documents\CDR\UniServer\www\cake_1_3\app\controllers\applications_controller.php, line 41]
2011-05-16 09:38:04 Warning: Warning (2): Invalid argument supplied for foreach() in [C:\Users\Azu\Documents\CDR\UniServer\www\cake_1_3\app\views\layouts\default.ctp, line 63]
2011-05-16 09:38:14 Warning: Warning (2): Invalid argument supplied for foreach() in [C:\Users\Azu\Documents\CDR\UniServer\www\cake_1_3\app\views\layouts\default.ctp, line 63]
2011-05-16 10:05:34 Warning: Warning (2): Invalid argument supplied for foreach() in [C:\Users\Azu\Documents\CDR\UniServer\www\cake_1_3\app\views\applications\view.ctp, line 11]
2011-05-16 10:05:34 Warning: Warning (2): Invalid argument supplied for foreach() in [C:\Users\Azu\Documents\CDR\UniServer\www\cake_1_3\app\views\applications\view.ctp, line 57]
2011-05-16 10:05:34 Warning: Warning (2): Invalid argument supplied for foreach() in [C:\Users\Azu\Documents\CDR\UniServer\www\cake_1_3\app\views\applications\view.ctp, line 71]
2011-05-16 10:05:36 Warning: Warning (2): Invalid argument supplied for foreach() in [C:\Users\Azu\Documents\CDR\UniServer\www\cake_1_3\app\views\applications\view.ctp, line 11]
2011-05-16 10:05:36 Warning: Warning (2): Invalid argument supplied for foreach() in [C:\Users\Azu\Documents\CDR\UniServer\www\cake_1_3\app\views\applications\view.ctp, line 57]
2011-05-16 10:05:36 Warning: Warning (2): Invalid argument supplied for foreach() in [C:\Users\Azu\Documents\CDR\UniServer\www\cake_1_3\app\views\applications\view.ctp, line 71]
2011-05-16 10:19:36 Warning: Warning (2): array_merge() [http://php.net/function.array-merge]: Argument #2 is not an array in [C:\Users\Azu\Documents\CDR\UniServer\www\cake_1_3\app\views\helpers\format.php, line 13]
2011-05-16 10:49:17 Warning: Warning (512): <span style="color:Red;text-align:left"><b>SQL Error:</b> 1054: Unknown column 'Application.first' in 'field list'</span> in [C:\Users\Azu\Documents\CDR\UniServer\www\cake_1_3\cake\libs\model\datasources\dbo_source.php, line 684]
2011-05-16 10:49:17 Warning: Warning (2): Invalid argument supplied for foreach() in [C:\Users\Azu\Documents\CDR\UniServer\www\cake_1_3\app\views\applications\view.ctp, line 11]
2011-05-16 10:49:17 Warning: Warning (2): Invalid argument supplied for foreach() in [C:\Users\Azu\Documents\CDR\UniServer\www\cake_1_3\app\views\applications\view.ctp, line 57]
2011-05-16 10:49:17 Warning: Warning (2): Invalid argument supplied for foreach() in [C:\Users\Azu\Documents\CDR\UniServer\www\cake_1_3\app\views\applications\view.ctp, line 74]
